Synthesizing design: data_buffer.sv
dc_shell-t -x "source -echo do_mapping.tcl"
                                        
                           Design Compiler Graphical 
                                 DC Ultra (TM)
                                  DFTMAX (TM)
                              Power Compiler (TM)
                                 DesignWare (R)
                                 DC Expert (TM)
                               Design Vision (TM)
                               HDL Compiler (TM)
                               VHDL Compiler (TM)
                                  DFT Compiler
                               Design Compiler(R)
                                        
               Version K-2015.06-SP1 for linux64 - Jul 21, 2015 
                                        
                    Copyright (c) 1988 - 2015 Synopsys, Inc.
   This software and the associated documentation are proprietary to Synopsys,
 Inc. This software may only be used in accordance with the terms and conditions
 of a written license agreement with Synopsys, Inc. All other use, reproduction,
            or distribution of this software is strictly prohibited.
Initializing...
Initializing gui preferences from file  /home/ecegrid/a/mg104/.synopsys_dv_prefs.tcl
# Step 1:  Read in the source file
analyze -format sverilog -lib WORK { data_buffer.sv}
Running PRESTO HDLC
Compiling source file ./source/data_buffer.sv
Presto compilation completed successfully.
Loading db file '/package/eda/cells/OSU/v2.7/synopsys/lib/ami05/osu05_stdcells.db'
Loading db file '/package/eda/synopsys/syn-K-2015.06-SP1/libraries/syn/dw_foundation.sldb'
elaborate data_buffer -lib WORK
Loading db file '/package/eda/synopsys/syn-K-2015.06-SP1/libraries/syn/gtech.db'
Loading db file '/package/eda/synopsys/syn-K-2015.06-SP1/libraries/syn/standard.sldb'
  Loading link library 'osu05_stdcells'
  Loading link library 'gtech'
Running PRESTO HDLC

Inferred memory devices in process
	in routine data_buffer line 21 in file
		'./source/data_buffer.sv'.
===============================================================================
|    Register Name    |   Type    | Width | Bus | MB | AR | AS | SR | SS | ST |
===============================================================================
| tx_packet_data_reg  | Flip-flop |   8   |  Y  | N  | Y  | N  | N  | N  | N  |
|      r_ptr_reg      | Flip-flop |  64   |  Y  | N  | Y  | N  | N  | N  | N  |
|      w_ptr_reg      | Flip-flop |  64   |  Y  | N  | Y  | N  | N  | N  | N  |
|    curr_data_reg    | Flip-flop |  512  |  Y  | N  | Y  | N  | N  | N  | N  |
===============================================================================
Statistics for MUX_OPs
===========================================================
| block name/line  | Inputs | Outputs | # sel inputs | MB |
===========================================================
|  data_buffer/56  |   64   |    8    |      6       | N  |
===========================================================
Presto compilation completed successfully.
Elaborated 1 design.
Current design is now 'data_buffer'.
uniquify
# Step 2: Set design constraints
# Uncomment below to set timing, area, power, etc. constraints
# set_max_delay <delay> -from "<input>" -to "<output>"
# set_max_area <area>
# set_max_total_power <power> mW
# Step 3: Compile the design
compile -map_effort medium
Information: Checking out the license 'DesignWare'. (SEC-104)
Information: Evaluating DesignWare library utilization. (UISN-27)

============================================================================
| DesignWare Building Block Library  |         Version         | Available |
============================================================================
| Basic DW Building Blocks           | K-2015.06-DWBB_201506.1 |     *     |
| Licensed DW Building Blocks        | K-2015.06-DWBB_201506.1 |     *     |
============================================================================


Information: There are 6 potential problems in your design. Please run 'check_design' for more information. (LINT-99)



  Beginning Pass 1 Mapping
  ------------------------
  Processing 'data_buffer'

  Updating timing information
Information: Updating design information... (UID-85)
Information: Design 'data_buffer' has no optimization constraints set. (OPT-108)

  Beginning Implementation Selection
  ----------------------------------
  Processing 'data_buffer_DW01_sub_0'
  Processing 'data_buffer_DW01_inc_0'
  Processing 'data_buffer_DW01_sub_1'
  Processing 'data_buffer_DW01_inc_1'
  Processing 'data_buffer_DW01_cmp2_0'

  Beginning Mapping Optimizations  (Medium effort)
  -------------------------------
  Structuring 'data_buffer'
  Mapping 'data_buffer'

                                  TOTAL                                      
   ELAPSED            WORST NEG   SETUP    DESIGN                            
    TIME      AREA      SLACK     COST    RULE COST         ENDPOINT         
  --------- --------- --------- --------- --------- -------------------------
    0:00:08 1818171.0      0.00       0.0      50.0                          
    0:00:08 1818171.0      0.00       0.0      50.0                          
    0:00:08 1818171.0      0.00       0.0      50.0                          
    0:00:08 1818171.0      0.00       0.0      50.0                          
    0:00:08 1818171.0      0.00       0.0      50.0                          
    0:00:08 1818171.0      0.00       0.0      50.0                          
    0:00:08 1818171.0      0.00       0.0      50.0                          
    0:00:08 1818171.0      0.00       0.0      50.0                          
    0:00:08 1818171.0      0.00       0.0      50.0                          
    0:00:08 1818315.0      0.00       0.0      49.9                          
    0:00:08 1818531.0      0.00       0.0      49.8                          
    0:00:08 1818531.0      0.00       0.0      49.8                          
    0:00:08 1818531.0      0.00       0.0      49.8                          
    0:00:08 1818531.0      0.00       0.0      49.8                          



  Beginning Delay Optimization Phase
  ----------------------------------

                                  TOTAL                                      
   ELAPSED            WORST NEG   SETUP    DESIGN                            
    TIME      AREA      SLACK     COST    RULE COST         ENDPOINT         
  --------- --------- --------- --------- --------- -------------------------
    0:00:08 1818531.0      0.00       0.0      49.8                          
    0:00:08 1818531.0      0.00       0.0      49.8                          
    0:00:08 1818531.0      0.00       0.0      49.8                          


  Beginning Design Rule Fixing  (max_capacitance)
  ----------------------------

                                  TOTAL                                      
   ELAPSED            WORST NEG   SETUP    DESIGN                            
    TIME      AREA      SLACK     COST    RULE COST         ENDPOINT         
  --------- --------- --------- --------- --------- -------------------------
    0:00:08 1818531.0      0.00       0.0      49.8                          
    0:00:08 1832427.0      0.00       0.0       0.0                          


  Beginning Area-Recovery Phase  (cleanup)
  -----------------------------

                                  TOTAL                                      
   ELAPSED            WORST NEG   SETUP    DESIGN                            
    TIME      AREA      SLACK     COST    RULE COST         ENDPOINT         
  --------- --------- --------- --------- --------- -------------------------
    0:00:08 1832427.0      0.00       0.0       0.0                          
    0:00:08 1832427.0      0.00       0.0       0.0                          
    0:00:08 1827027.0      0.00       0.0       0.0                          
    0:00:08 1827027.0      0.00       0.0       0.0                          
    0:00:08 1827027.0      0.00       0.0       0.0                          
    0:00:08 1827027.0      0.00       0.0       0.0                          
    0:00:08 1827027.0      0.00       0.0       0.0                          
    0:00:08 1827027.0      0.00       0.0       0.0                          
    0:00:08 1827027.0      0.00       0.0       0.0                          
    0:00:08 1827027.0      0.00       0.0       0.0                          
    0:00:08 1827027.0      0.00       0.0       0.0                          
    0:00:08 1827027.0      0.00       0.0       0.0                          
Loading db file '/package/eda/cells/OSU/v2.7/synopsys/lib/ami05/osu05_stdcells.db'


Note: Symbol # after min delay cost means estimated hold TNS across all active scenarios 


  Optimization Complete
  ---------------------
# Step 4: Output reports
report_timing -path full -delay max -max_paths 1 -nworst 1 > reports/data_buffer.rep
report_area >> reports/data_buffer.rep
report_power -hier >> reports/data_buffer.rep
# Step 5: Output final VHDL and Verilog files
write_file -format verilog -hierarchy -output "mapped/data_buffer.v"
Writing verilog file '/home/ecegrid/a/mg104/ece337/design lab/mapped/data_buffer.v'.
echo "\nScript Done\n"

Script Done

echo "\nChecking Design\n"

Checking Design

check_design
 
****************************************
check_design summary:
Version:     K-2015.06-SP1
Date:        Wed Apr 28 17:17:11 2021
****************************************

                   Name                                            Total
--------------------------------------------------------------------------------
Inputs/Outputs                                                      7
    Unconnected ports (LINT-28)                                     7

Cells                                                               5
    Connected to power or ground (LINT-32)                          4
    Nets connected to multiple pins on same cell (LINT-33)          1
--------------------------------------------------------------------------------

Warning: In design 'data_buffer_DW01_sub_0', port 'CI' is not connected to any nets. (LINT-28)
Warning: In design 'data_buffer_DW01_sub_0', port 'CO' is not connected to any nets. (LINT-28)
Warning: In design 'data_buffer_DW01_sub_1', port 'CI' is not connected to any nets. (LINT-28)
Warning: In design 'data_buffer_DW01_sub_1', port 'CO' is not connected to any nets. (LINT-28)
Warning: In design 'data_buffer_DW01_cmp2_0', port 'LEQ' is not connected to any nets. (LINT-28)
Warning: In design 'data_buffer_DW01_cmp2_0', port 'TC' is not connected to any nets. (LINT-28)
Warning: In design 'data_buffer_DW01_cmp2_0', port 'GE_GT' is not connected to any nets. (LINT-28)
Warning: In design 'data_buffer', a pin on submodule 'r474' is connected to logic 1 or logic 0. (LINT-32)
   Pin 'CI' is connected to logic 0. 
Warning: In design 'data_buffer', a pin on submodule 'sub_75' is connected to logic 1 or logic 0. (LINT-32)
   Pin 'CI' is connected to logic 0. 
Warning: In design 'data_buffer', a pin on submodule 'lt_74' is connected to logic 1 or logic 0. (LINT-32)
   Pin 'LEQ' is connected to logic 0. 
Warning: In design 'data_buffer', a pin on submodule 'lt_74' is connected to logic 1 or logic 0. (LINT-32)
   Pin 'TC' is connected to logic 0. 
Warning: In design 'data_buffer', the same net is connected to more than one pin on submodule 'lt_74'. (LINT-33)
   Net 'n17' is connected to pins 'LEQ', 'TC''.
quit

Thank you...
Done


