Synthesizing design: ahb_lite_interface.sv
dc_shell-t -x "source -echo do_mapping.tcl"
                                        
                           Design Compiler Graphical 
                                 DC Ultra (TM)
                                  DFTMAX (TM)
                              Power Compiler (TM)
                                 DesignWare (R)
                                 DC Expert (TM)
                               Design Vision (TM)
                               HDL Compiler (TM)
                               VHDL Compiler (TM)
                                  DFT Compiler
                               Design Compiler(R)
                                        
               Version K-2015.06-SP1 for linux64 - Jul 21, 2015 
                                        
                    Copyright (c) 1988 - 2015 Synopsys, Inc.
   This software and the associated documentation are proprietary to Synopsys,
 Inc. This software may only be used in accordance with the terms and conditions
 of a written license agreement with Synopsys, Inc. All other use, reproduction,
            or distribution of this software is strictly prohibited.
Initializing...
Initializing gui preferences from file  /home/ecegrid/a/mg78/.synopsys_dv_prefs.tcl
# Step 1:  Read in the source file
analyze -format sverilog -lib WORK {data_buffer.sv adder_1bit.sv adder_nbit.sv usb_tx.sv tx_controller.sv rx_decoder.sv edge_detector.sv tx_encoder.sv rx_eop.sv flex_counter.sv flex_counter2.sv flex_pts_sr.sv flex_stp_sr.sv rx_rcu_usb.sv rx_timer.sv sr_8bit.sv start_bit_det.sv sync_high.sv sync_low.sv tx_timer.sv usb_rx.sv tx_pts.sv ahb_lite_interface.sv}
Running PRESTO HDLC
Compiling source file ./source/data_buffer.sv
Compiling source file ./source/adder_1bit.sv
Compiling source file ./source/adder_nbit.sv
Compiling source file ./source/usb_tx.sv
Compiling source file ./source/tx_controller.sv
Compiling source file ./source/rx_decoder.sv
Compiling source file ./source/edge_detector.sv
Compiling source file ./source/tx_encoder.sv
Compiling source file ./source/rx_eop.sv
Compiling source file ./source/flex_counter.sv
Compiling source file ./source/flex_counter2.sv
Compiling source file ./source/flex_pts_sr.sv
Compiling source file ./source/flex_stp_sr.sv
Compiling source file ./source/rx_rcu_usb.sv
Compiling source file ./source/rx_timer.sv
Compiling source file ./source/sr_8bit.sv
Compiling source file ./source/start_bit_det.sv
Warning:  ./source/start_bit_det.sv:49: The construct 'immediate assertion' is not supported in synthesis; it is ignored. (VER-708)
Warning:  ./source/start_bit_det.sv:53: The construct 'immediate assertion' is not supported in synthesis; it is ignored. (VER-708)
Warning:  ./source/start_bit_det.sv:57: The construct 'immediate assertion' is not supported in synthesis; it is ignored. (VER-708)
Compiling source file ./source/sync_high.sv
Warning:  ./source/start_bit_det.sv:47: delay controls are ignored for synthesis. (VER-176)
Compiling source file ./source/sync_low.sv
Compiling source file ./source/tx_timer.sv
Compiling source file ./source/usb_rx.sv
Compiling source file ./source/tx_pts.sv
Compiling source file ./source/ahb_lite_interface.sv
Presto compilation completed successfully.
Loading db file '/package/eda/cells/OSU/v2.7/synopsys/lib/ami05/osu05_stdcells.db'
Loading db file '/package/eda/synopsys/syn-K-2015.06-SP1/libraries/syn/dw_foundation.sldb'
elaborate ahb_lite_interface -lib WORK
Loading db file '/package/eda/synopsys/syn-K-2015.06-SP1/libraries/syn/gtech.db'
Loading db file '/package/eda/synopsys/syn-K-2015.06-SP1/libraries/syn/standard.sldb'
  Loading link library 'osu05_stdcells'
  Loading link library 'gtech'
Running PRESTO HDLC
Warning:  ./source/ahb_lite_interface.sv:145: signed to unsigned assignment occurs. (VER-318)
Warning:  ./source/ahb_lite_interface.sv:146: signed to unsigned assignment occurs. (VER-318)
Warning:  ./source/ahb_lite_interface.sv:147: signed to unsigned assignment occurs. (VER-318)
Warning:  ./source/ahb_lite_interface.sv:148: signed to unsigned assignment occurs. (VER-318)

Statistics for case statements in always block at line 197 in file
	'./source/ahb_lite_interface.sv'
===============================================
|           Line           |  full/ parallel  |
===============================================
|           204            |    auto/auto     |
===============================================

Statistics for case statements in always block at line 234 in file
	'./source/ahb_lite_interface.sv'
===============================================
|           Line           |  full/ parallel  |
===============================================
|           243            |     no/auto      |
===============================================

Inferred memory devices in process
	in routine ahb_lite_interface line 82 in file
		'./source/ahb_lite_interface.sv'.
===============================================================================
|    Register Name    |   Type    | Width | Bus | MB | AR | AS | SR | SS | ST |
===============================================================================
|       mem_reg       | Flip-flop |  128  |  Y  | N  | Y  | N  | N  | N  | N  |
===============================================================================

Inferred memory devices in process
	in routine ahb_lite_interface line 89 in file
		'./source/ahb_lite_interface.sv'.
===============================================================================
|    Register Name    |   Type    | Width | Bus | MB | AR | AS | SR | SS | ST |
===============================================================================
|   last_hresp_reg    | Flip-flop |   1   |  N  | N  | Y  | N  | N  | N  | N  |
|   curr_hrdata_reg   | Flip-flop |  32   |  Y  | N  | Y  | N  | N  | N  | N  |
|    last_hsel_reg    | Flip-flop |   1   |  N  | N  | Y  | N  | N  | N  | N  |
|   last_haddr_reg    | Flip-flop |   4   |  Y  | N  | Y  | N  | N  | N  | N  |
|   last_htrans_reg   | Flip-flop |   2   |  Y  | N  | Y  | N  | N  | N  | N  |
|   last_hsize_reg    | Flip-flop |   2   |  Y  | N  | Y  | N  | N  | N  | N  |
|   last_hwrite_reg   | Flip-flop |   1   |  N  | N  | Y  | N  | N  | N  | N  |
===============================================================================

Inferred memory devices in process
	in routine ahb_lite_interface line 110 in file
		'./source/ahb_lite_interface.sv'.
===============================================================================
|    Register Name    |   Type    | Width | Bus | MB | AR | AS | SR | SS | ST |
===============================================================================
|    rx_active_reg    | Flip-flop |   1   |  N  | N  | Y  | N  | N  | N  | N  |
| last_rx_active_reg  | Flip-flop |   1   |  N  | N  | Y  | N  | N  | N  | N  |
| last_tx_active_reg  | Flip-flop |   1   |  N  | N  | Y  | N  | N  | N  | N  |
|    tx_active_reg    | Flip-flop |   1   |  N  | N  | Y  | N  | N  | N  | N  |
===============================================================================

Inferred memory devices in process
	in routine ahb_lite_interface line 221 in file
		'./source/ahb_lite_interface.sv'.
===============================================================================
|    Register Name    |   Type    | Width | Bus | MB | AR | AS | SR | SS | ST |
===============================================================================
|   buff_state_reg    | Flip-flop |   4   |  Y  | N  | Y  | N  | N  | N  | N  |
|      size_reg       | Flip-flop |   2   |  Y  | N  | Y  | N  | N  | N  | N  |
|    last_size_reg    | Flip-flop |   2   |  Y  | N  | Y  | N  | N  | N  | N  |
===============================================================================
Statistics for MUX_OPs
=================================================================
|    block name/line     | Inputs | Outputs | # sel inputs | MB |
=================================================================
| ahb_lite_interface/212 |   16   |    8    |      4       | N  |
| ahb_lite_interface/214 |   16   |    8    |      4       | N  |
| ahb_lite_interface/216 |   16   |    8    |      4       | N  |
| ahb_lite_interface/216 |   16   |    8    |      4       | N  |
| ahb_lite_interface/216 |   16   |    8    |      4       | N  |
| ahb_lite_interface/317 |   16   |    8    |      4       | N  |
=================================================================
Presto compilation completed successfully.
Elaborated 1 design.
Current design is now 'ahb_lite_interface'.
uniquify
# Step 2: Set design constraints
# Uncomment below to set timing, area, power, etc. constraints
# set_max_delay <delay> -from "<input>" -to "<output>"
# set_max_area <area>
# set_max_total_power <power> mW
create_clock "clk" -name "clk" -period 1
# Step 3: Compile the design
compile -map_effort medium
Information: Checking out the license 'DesignWare'. (SEC-104)
Information: Evaluating DesignWare library utilization. (UISN-27)

============================================================================
| DesignWare Building Block Library  |         Version         | Available |
============================================================================
| Basic DW Building Blocks           | K-2015.06-DWBB_201506.1 |     *     |
| Licensed DW Building Blocks        | K-2015.06-DWBB_201506.1 |     *     |
============================================================================


Information: There are 5 potential problems in your design. Please run 'check_design' for more information. (LINT-99)



  Beginning Pass 1 Mapping
  ------------------------
  Processing 'ahb_lite_interface'
Information: Added key list 'DesignWare' to design 'ahb_lite_interface'. (DDB-72)
Information: The register 'mem_reg[15][7]' is a constant and will be removed. (OPT-1206)
Information: The register 'mem_reg[15][6]' is a constant and will be removed. (OPT-1206)
Information: The register 'mem_reg[15][5]' is a constant and will be removed. (OPT-1206)
Information: The register 'mem_reg[15][4]' is a constant and will be removed. (OPT-1206)
Information: The register 'mem_reg[15][3]' is a constant and will be removed. (OPT-1206)
Information: The register 'mem_reg[15][2]' is a constant and will be removed. (OPT-1206)
Information: The register 'mem_reg[15][1]' is a constant and will be removed. (OPT-1206)
Information: The register 'mem_reg[15][0]' is a constant and will be removed. (OPT-1206)
Information: The register 'mem_reg[14][7]' is a constant and will be removed. (OPT-1206)
Information: The register 'mem_reg[14][6]' is a constant and will be removed. (OPT-1206)
Information: The register 'mem_reg[14][5]' is a constant and will be removed. (OPT-1206)
Information: The register 'mem_reg[14][4]' is a constant and will be removed. (OPT-1206)
Information: The register 'mem_reg[14][3]' is a constant and will be removed. (OPT-1206)
Information: The register 'mem_reg[14][2]' is a constant and will be removed. (OPT-1206)
Information: The register 'mem_reg[14][1]' is a constant and will be removed. (OPT-1206)
Information: The register 'mem_reg[14][0]' is a constant and will be removed. (OPT-1206)
Information: The register 'mem_reg[11][7]' is a constant and will be removed. (OPT-1206)
Information: The register 'mem_reg[11][6]' is a constant and will be removed. (OPT-1206)
Information: The register 'mem_reg[11][5]' is a constant and will be removed. (OPT-1206)
Information: The register 'mem_reg[11][4]' is a constant and will be removed. (OPT-1206)
Information: The register 'mem_reg[11][3]' is a constant and will be removed. (OPT-1206)
Information: The register 'mem_reg[11][2]' is a constant and will be removed. (OPT-1206)
Information: The register 'mem_reg[11][1]' is a constant and will be removed. (OPT-1206)
Information: The register 'mem_reg[11][0]' is a constant and will be removed. (OPT-1206)
Information: The register 'mem_reg[10][7]' is a constant and will be removed. (OPT-1206)
Information: The register 'mem_reg[10][6]' is a constant and will be removed. (OPT-1206)
Information: The register 'mem_reg[10][5]' is a constant and will be removed. (OPT-1206)
Information: The register 'mem_reg[10][4]' is a constant and will be removed. (OPT-1206)
Information: The register 'mem_reg[10][3]' is a constant and will be removed. (OPT-1206)
Information: The register 'mem_reg[10][2]' is a constant and will be removed. (OPT-1206)
Information: The register 'mem_reg[10][1]' is a constant and will be removed. (OPT-1206)
Information: The register 'mem_reg[10][0]' is a constant and will be removed. (OPT-1206)
Information: The register 'mem_reg[9][7]' is a constant and will be removed. (OPT-1206)
Information: The register 'mem_reg[9][6]' is a constant and will be removed. (OPT-1206)
Information: The register 'mem_reg[9][5]' is a constant and will be removed. (OPT-1206)
Information: The register 'mem_reg[9][4]' is a constant and will be removed. (OPT-1206)
Information: The register 'mem_reg[9][3]' is a constant and will be removed. (OPT-1206)
Information: The register 'mem_reg[9][2]' is a constant and will be removed. (OPT-1206)
Information: The register 'mem_reg[9][1]' is a constant and will be removed. (OPT-1206)
Information: The register 'mem_reg[9][0]' is a constant and will be removed. (OPT-1206)
Information: The register 'mem_reg[8][7]' is a constant and will be removed. (OPT-1206)
Information: The register 'mem_reg[7][7]' is a constant and will be removed. (OPT-1206)
Information: The register 'mem_reg[7][6]' is a constant and will be removed. (OPT-1206)
Information: The register 'mem_reg[7][5]' is a constant and will be removed. (OPT-1206)
Information: The register 'mem_reg[7][4]' is a constant and will be removed. (OPT-1206)
Information: The register 'mem_reg[7][3]' is a constant and will be removed. (OPT-1206)
Information: The register 'mem_reg[7][2]' is a constant and will be removed. (OPT-1206)
Information: The register 'mem_reg[7][1]' is a constant and will be removed. (OPT-1206)
Information: The register 'mem_reg[6][7]' is a constant and will be removed. (OPT-1206)
Information: The register 'mem_reg[6][6]' is a constant and will be removed. (OPT-1206)
Information: The register 'mem_reg[6][5]' is a constant and will be removed. (OPT-1206)
Information: The register 'mem_reg[6][4]' is a constant and will be removed. (OPT-1206)
Information: The register 'mem_reg[6][3]' is a constant and will be removed. (OPT-1206)
Information: The register 'mem_reg[6][2]' is a constant and will be removed. (OPT-1206)
Information: The register 'mem_reg[6][1]' is a constant and will be removed. (OPT-1206)
Information: The register 'mem_reg[5][7]' is a constant and will be removed. (OPT-1206)
Information: The register 'mem_reg[5][6]' is a constant and will be removed. (OPT-1206)
Information: The register 'mem_reg[5][5]' is a constant and will be removed. (OPT-1206)
Information: The register 'mem_reg[5][4]' is a constant and will be removed. (OPT-1206)
Information: The register 'mem_reg[5][3]' is a constant and will be removed. (OPT-1206)
Information: The register 'mem_reg[5][2]' is a constant and will be removed. (OPT-1206)
Information: The register 'mem_reg[4][7]' is a constant and will be removed. (OPT-1206)
Information: The register 'mem_reg[4][6]' is a constant and will be removed. (OPT-1206)
Information: The register 'mem_reg[4][5]' is a constant and will be removed. (OPT-1206)

  Updating timing information
Information: Updating design information... (UID-85)

  Beginning Implementation Selection
  ----------------------------------

  Beginning Mapping Optimizations  (Medium effort)
  -------------------------------
  Mapping Optimization (Phase 1)
  Mapping Optimization (Phase 2)
  Mapping Optimization (Phase 3)
  Mapping Optimization (Phase 4)

                                  TOTAL                                      
   ELAPSED            WORST NEG   SETUP    DESIGN                            
    TIME      AREA      SLACK     COST    RULE COST         ENDPOINT         
  --------- --------- --------- --------- --------- -------------------------
    0:00:07  483192.0      1.47     118.1       0.0                          
    0:00:07  483192.0      1.47     118.1       0.0                          
    0:00:07  483192.0      1.47     118.1       0.0                          
    0:00:07  483192.0      1.47     118.1       0.0                          
    0:00:07  483192.0      1.47     118.1       0.0                          
    0:00:07  475560.0      1.57     120.8       0.0                          
    0:00:07  476064.0      1.47     117.9       0.0                          
    0:00:07  476352.0      1.47     115.2       0.0                          
    0:00:07  476568.0      1.45     115.6       0.0                          
    0:00:07  476352.0      1.45     114.5       0.0                          
    0:00:07  476568.0      1.44     114.9       0.0                          
    0:00:07  476856.0      1.43     113.6       0.0                          
    0:00:07  477216.0      1.42     114.3       0.0                          
    0:00:07  477216.0      1.42     113.3       0.0                          
    0:00:07  477360.0      1.41     114.4       0.0                          
    0:00:07  477648.0      1.41     113.9       0.0                          
    0:00:07  477648.0      1.41     113.9       0.0                          
    0:00:07  477648.0      1.41     113.9       0.0                          
    0:00:07  477648.0      1.41     113.9       0.0                          
    0:00:07  477648.0      1.41     113.9       0.0                          
    0:00:07  477648.0      1.41     113.9       0.0                          
    0:00:07  477648.0      1.41     113.9       0.0                          
    0:00:07  477936.0      1.40     112.5       0.0 mem_reg[12][0]/D         
    0:00:07  478728.0      1.39     112.1       0.0 mem_reg[2][7]/D          
    0:00:07  479061.0      1.39     111.5       0.0 mem_reg[13][6]/D         
    0:00:07  479421.0      1.36     110.4       0.0 mem_reg[3][3]/D          
    0:00:07  479493.0      1.36     110.0       0.0 mem_reg[0][7]/D          
    0:00:08  480006.0      1.35     110.0       0.0                          



  Beginning Delay Optimization Phase
  ----------------------------------

                                  TOTAL                                      
   ELAPSED            WORST NEG   SETUP    DESIGN                            
    TIME      AREA      SLACK     COST    RULE COST         ENDPOINT         
  --------- --------- --------- --------- --------- -------------------------
    0:00:08  480006.0      1.35     110.0       0.0                          
    0:00:08  480078.0      1.35     109.8       0.0 mem_reg[13][6]/D         
    0:00:08  480078.0      1.35     109.8       0.0                          
    0:00:08  480078.0      1.35     109.8       0.0                          
    0:00:08  480294.0      1.35     109.6       0.0                          
    0:00:08  480942.0      1.33     107.5       0.0                          
    0:00:08  481158.0      1.33     107.5       0.0                          
    0:00:08  481734.0      1.33     107.0       0.0                          
    0:00:08  481878.0      1.33     106.8       0.0                          
    0:00:08  482094.0      1.33     106.5       0.0                          
    0:00:08  482094.0      1.33     106.2       0.0                          
    0:00:08  482454.0      1.33     106.1       0.0                          
    0:00:08  482526.0      1.33     105.9       0.0                          
    0:00:08  482670.0      1.33     105.9       0.0                          
    0:00:08  482814.0      1.33     105.2       0.0                          
    0:00:08  483102.0      1.33     105.1       0.0                          


  Beginning Area-Recovery Phase  (cleanup)
  -----------------------------

                                  TOTAL                                      
   ELAPSED            WORST NEG   SETUP    DESIGN                            
    TIME      AREA      SLACK     COST    RULE COST         ENDPOINT         
  --------- --------- --------- --------- --------- -------------------------
    0:00:08  483102.0      1.33     105.1       0.0                          
    0:00:08  483102.0      1.33     105.1       0.0                          
    0:00:08  475542.0      1.33     104.9       0.0                          
    0:00:08  470142.0      1.33     104.8       0.0                          
    0:00:08  464382.0      1.33     104.7       0.0                          
    0:00:08  460782.0      1.33     104.6       0.0                          
    0:00:08  459342.0      1.33     104.6       0.0                          
    0:00:08  459342.0      1.33     104.6       0.0                          
    0:00:08  459342.0      1.33     104.6       0.0                          
    0:00:08  459270.0      1.33     104.9       0.0                          
    0:00:08  459270.0      1.33     104.9       0.0                          
    0:00:08  459270.0      1.33     104.9       0.0                          
    0:00:08  459270.0      1.33     104.9       0.0                          
    0:00:08  459270.0      1.33     104.9       0.0                          
    0:00:08  459270.0      1.33     104.9       0.0                          
    0:00:09  459702.0      1.31     104.3       0.0 mem_reg[2][0]/D          
    0:00:09  459414.0      1.31     104.3       0.0                          
    0:00:09  459054.0      1.30     104.3       0.0                          
    0:00:09  459126.0      1.30     104.2       0.0                          
    0:00:09  459846.0      1.30     103.8       0.0                          
    0:00:09  460062.0      1.30     103.7       0.0                          
    0:00:09  460350.0      1.30     103.6       0.0                          
    0:00:09  460350.0      1.30     103.6       0.0                          
    0:00:09  460350.0      1.30     103.5       0.0                          
    0:00:09  460350.0      1.30     103.5       0.0                          
    0:00:09  460926.0      1.30     103.2       0.0                          
    0:00:09  460854.0      1.30     103.1       0.0                          
    0:00:09  460854.0      1.30     103.1       0.0                          
    0:00:09  460854.0      1.30     103.0       0.0                          
Loading db file '/package/eda/cells/OSU/v2.7/synopsys/lib/ami05/osu05_stdcells.db'


Note: Symbol # after min delay cost means estimated hold TNS across all active scenarios 


  Optimization Complete
  ---------------------
# Step 4: Output reports
report_timing -path full -delay max -max_paths 1 -nworst 1 > reports/ahb_lite_interface.rep
report_area >> reports/ahb_lite_interface.rep
report_power -hier >> reports/ahb_lite_interface.rep
# Step 5: Output final VHDL and Verilog files
write_file -format verilog -hierarchy -output "mapped/ahb_lite_interface.v"
Writing verilog file '/home/ecegrid/a/mg78/ece337/CDL/mapped/ahb_lite_interface.v'.
Warning: Verilog 'assign' or 'tran' statements are written out. (VO-4)
echo "\nScript Done\n"

Script Done

echo "\nChecking Design\n"

Checking Design

check_design
quit

Thank you...
Done


