Synthesizing design: usb_rx.sv
dc_shell-t -x "source -echo do_mapping.tcl"
                                        
                           Design Compiler Graphical 
                                 DC Ultra (TM)
                                  DFTMAX (TM)
                              Power Compiler (TM)
                                 DesignWare (R)
                                 DC Expert (TM)
                               Design Vision (TM)
                               HDL Compiler (TM)
                               VHDL Compiler (TM)
                                  DFT Compiler
                               Design Compiler(R)
                                        
               Version K-2015.06-SP1 for linux64 - Jul 21, 2015 
                                        
                    Copyright (c) 1988 - 2015 Synopsys, Inc.
   This software and the associated documentation are proprietary to Synopsys,
 Inc. This software may only be used in accordance with the terms and conditions
 of a written license agreement with Synopsys, Inc. All other use, reproduction,
            or distribution of this software is strictly prohibited.
Initializing...
Initializing gui preferences from file  /home/ecegrid/a/mg78/.synopsys_dv_prefs.tcl
# Step 1:  Read in the source file
analyze -format sverilog -lib WORK {adder_1bit.sv adder_nbit.sv ahb_lite_interface.sv tx_controller.sv data_buffer.sv rx_decoder.sv edge_detector.sv tx_encoder.sv rx_eop.sv flex_counter.sv flex_counter2.sv flex_pts_sr.sv flex_stp_sr.sv rx_rcu_usb.sv rx_timer.sv sr_8bit.sv start_bit_det.sv sync_high.sv sync_low.sv tx_timer.sv usb_tx.sv tx_pts.sv usb_rx.sv}
Running PRESTO HDLC
Compiling source file ./source/adder_1bit.sv
Compiling source file ./source/adder_nbit.sv
Compiling source file ./source/ahb_lite_interface.sv
Compiling source file ./source/tx_controller.sv
Compiling source file ./source/data_buffer.sv
Compiling source file ./source/rx_decoder.sv
Compiling source file ./source/edge_detector.sv
Compiling source file ./source/tx_encoder.sv
Compiling source file ./source/rx_eop.sv
Compiling source file ./source/flex_counter.sv
Compiling source file ./source/flex_counter2.sv
Compiling source file ./source/flex_pts_sr.sv
Compiling source file ./source/flex_stp_sr.sv
Compiling source file ./source/rx_rcu_usb.sv
Compiling source file ./source/rx_timer.sv
Compiling source file ./source/sr_8bit.sv
Compiling source file ./source/start_bit_det.sv
Warning:  ./source/start_bit_det.sv:49: The construct 'immediate assertion' is not supported in synthesis; it is ignored. (VER-708)
Warning:  ./source/start_bit_det.sv:53: The construct 'immediate assertion' is not supported in synthesis; it is ignored. (VER-708)
Warning:  ./source/start_bit_det.sv:57: The construct 'immediate assertion' is not supported in synthesis; it is ignored. (VER-708)
Compiling source file ./source/sync_high.sv
Warning:  ./source/start_bit_det.sv:47: delay controls are ignored for synthesis. (VER-176)
Compiling source file ./source/sync_low.sv
Compiling source file ./source/tx_timer.sv
Compiling source file ./source/usb_tx.sv
Compiling source file ./source/tx_pts.sv
Compiling source file ./source/usb_rx.sv
Presto compilation completed successfully.
Loading db file '/package/eda/cells/OSU/v2.7/synopsys/lib/ami05/osu05_stdcells.db'
Loading db file '/package/eda/synopsys/syn-K-2015.06-SP1/libraries/syn/dw_foundation.sldb'
elaborate usb_rx -lib WORK
Loading db file '/package/eda/synopsys/syn-K-2015.06-SP1/libraries/syn/gtech.db'
Loading db file '/package/eda/synopsys/syn-K-2015.06-SP1/libraries/syn/standard.sldb'
  Loading link library 'osu05_stdcells'
  Loading link library 'gtech'
Running PRESTO HDLC
Presto compilation completed successfully.
Elaborated 1 design.
Current design is now 'usb_rx'.
Information: Building the design 'sync_high'. (HDL-193)

Inferred memory devices in process
	in routine sync_high line 13 in file
		'./source/sync_high.sv'.
===============================================================================
|    Register Name    |   Type    | Width | Bus | MB | AR | AS | SR | SS | ST |
===============================================================================
|    sync_out_reg     | Flip-flop |   1   |  N  | N  | N  | Y  | N  | N  | N  |
|      data_reg       | Flip-flop |   1   |  N  | N  | N  | Y  | N  | N  | N  |
===============================================================================
Presto compilation completed successfully.
Information: Building the design 'sync_low'. (HDL-193)

Inferred memory devices in process
	in routine sync_low line 14 in file
		'./source/sync_low.sv'.
===============================================================================
|    Register Name    |   Type    | Width | Bus | MB | AR | AS | SR | SS | ST |
===============================================================================
|    sync_out_reg     | Flip-flop |   1   |  N  | N  | Y  | N  | N  | N  | N  |
|      data_reg       | Flip-flop |   1   |  N  | N  | Y  | N  | N  | N  | N  |
===============================================================================
Presto compilation completed successfully.
Information: Building the design 'rx_eop'. (HDL-193)
Warning:  ./source/rx_eop.sv:21: Netlist for always_ff block is empty. (ELAB-984)
Presto compilation completed successfully.
Information: Building the design 'rx_decoder'. (HDL-193)

Inferred memory devices in process
	in routine rx_decoder line 21 in file
		'./source/rx_decoder.sv'.
===============================================================================
|    Register Name    |   Type    | Width | Bus | MB | AR | AS | SR | SS | ST |
===============================================================================
|      nxt_d_reg      | Flip-flop |   1   |  N  | N  | N  | Y  | N  | N  | N  |
===============================================================================
Presto compilation completed successfully.
Information: Building the design 'edge_detector'. (HDL-193)

Inferred memory devices in process
	in routine edge_detector line 15 in file
		'./source/edge_detector.sv'.
===============================================================================
|    Register Name    |   Type    | Width | Bus | MB | AR | AS | SR | SS | ST |
===============================================================================
|   sync_phase_reg    | Flip-flop |   1   |  N  | N  | N  | Y  | N  | N  | N  |
|      old_d_reg      | Flip-flop |   1   |  N  | N  | N  | Y  | N  | N  | N  |
|      new_d_reg      | Flip-flop |   1   |  N  | N  | N  | Y  | N  | N  | N  |
===============================================================================
Presto compilation completed successfully.
Information: Building the design 'rx_timer'. (HDL-193)

Statistics for case statements in always block at line 46 in file
	'./source/rx_timer.sv'
===============================================
|           Line           |  full/ parallel  |
===============================================
|            50            |     no/auto      |
===============================================

Inferred memory devices in process
	in routine rx_timer line 22 in file
		'./source/rx_timer.sv'.
===============================================================================
|    Register Name    |   Type    | Width | Bus | MB | AR | AS | SR | SS | ST |
===============================================================================
|    edge_flag_reg    | Flip-flop |   1   |  N  | N  | Y  | N  | N  | N  | N  |
===============================================================================

Inferred memory devices in process
	in routine rx_timer line 38 in file
		'./source/rx_timer.sv'.
===============================================================================
|    Register Name    |   Type    | Width | Bus | MB | AR | AS | SR | SS | ST |
===============================================================================
|      state_reg      | Flip-flop |   3   |  Y  | N  | Y  | N  | N  | N  | N  |
===============================================================================
Presto compilation completed successfully.
Information: Building the design 'sr_8bit'. (HDL-193)
Presto compilation completed successfully.
Information: Building the design 'rx_rcu_usb'. (HDL-193)
Warning:  ./source/rx_rcu_usb.sv:103: Statement unreachable (Branch condition impossible to meet).  (VER-61)

Statistics for case statements in always block at line 69 in file
	'./source/rx_rcu_usb.sv'
===============================================
|           Line           |  full/ parallel  |
===============================================
|            73            |     no/auto      |
===============================================

Statistics for case statements in always block at line 197 in file
	'./source/rx_rcu_usb.sv'
===============================================
|           Line           |  full/ parallel  |
===============================================
|           203            |     no/auto      |
===============================================

Inferred memory devices in process
	in routine rx_rcu_usb line 57 in file
		'./source/rx_rcu_usb.sv'.
===============================================================================
|    Register Name    |   Type    | Width | Bus | MB | AR | AS | SR | SS | ST |
===============================================================================
|    rx_error_reg     | Flip-flop |   1   |  N  | N  | Y  | N  | N  | N  | N  |
|      state_reg      | Flip-flop |   5   |  Y  | N  | Y  | N  | N  | N  | N  |
===============================================================================
Presto compilation completed successfully.
Information: Building the design 'flex_counter' instantiated from design 'rx_timer' with
	the parameters "NUM_CNT_BITS=4". (HDL-193)

Inferred memory devices in process
	in routine flex_counter_NUM_CNT_BITS4 line 26 in file
		'./source/flex_counter.sv'.
===============================================================================
|    Register Name    |   Type    | Width | Bus | MB | AR | AS | SR | SS | ST |
===============================================================================
|    rollover_reg     | Flip-flop |   1   |  N  | N  | Y  | N  | N  | N  | N  |
|      count_reg      | Flip-flop |   4   |  Y  | N  | Y  | N  | N  | N  | N  |
===============================================================================
Presto compilation completed successfully.
Information: Building the design 'flex_stp_sr' instantiated from design 'sr_8bit' with
	the parameters "NUM_BITS=8,SHIFT_MSB=0". (HDL-193)
Warning:  ./source/flex_stp_sr.sv:34: Statement unreachable (Branch condition impossible to meet).  (VER-61)

Inferred memory devices in process
	in routine flex_stp_sr_NUM_BITS8_SHIFT_MSB0 line 19 in file
		'./source/flex_stp_sr.sv'.
===============================================================================
|    Register Name    |   Type    | Width | Bus | MB | AR | AS | SR | SS | ST |
===============================================================================
|  parallel_out_reg   | Flip-flop |   8   |  Y  | N  | N  | Y  | N  | N  | N  |
===============================================================================
Presto compilation completed successfully.
uniquify
Information: Uniquified 2 instances of design 'flex_counter_NUM_CNT_BITS4'. (OPT-1056)
# Step 2: Set design constraints
# Uncomment below to set timing, area, power, etc. constraints
# set_max_delay <delay> -from "<input>" -to "<output>"
# set_max_area <area>
# set_max_total_power <power> mW
create_clock "clk" -name "clk" -period 1
# Step 3: Compile the design
compile -map_effort medium
Information: Checking out the license 'DesignWare'. (SEC-104)
Information: Evaluating DesignWare library utilization. (UISN-27)

============================================================================
| DesignWare Building Block Library  |         Version         | Available |
============================================================================
| Basic DW Building Blocks           | K-2015.06-DWBB_201506.1 |     *     |
| Licensed DW Building Blocks        | K-2015.06-DWBB_201506.1 |     *     |
============================================================================


Information: There are 34 potential problems in your design. Please run 'check_design' for more information. (LINT-99)



  Beginning Pass 1 Mapping
  ------------------------
  Processing 'rx_rcu_usb'
  Processing 'flex_stp_sr_NUM_BITS8_SHIFT_MSB0'
  Processing 'sr_8bit'
  Processing 'flex_counter_NUM_CNT_BITS4_0'
Information: Added key list 'DesignWare' to design 'flex_counter_NUM_CNT_BITS4_0'. (DDB-72)
  Processing 'rx_timer'
  Processing 'edge_detector'
  Processing 'rx_decoder'
  Processing 'rx_eop'
  Processing 'sync_low'
  Processing 'sync_high'
  Processing 'usb_rx'

  Updating timing information
Information: Updating design information... (UID-85)

  Beginning Implementation Selection
  ----------------------------------

  Beginning Mapping Optimizations  (Medium effort)
  -------------------------------
  Mapping Optimization (Phase 1)
  Mapping Optimization (Phase 2)
  Mapping Optimization (Phase 3)
  Mapping Optimization (Phase 4)
  Mapping Optimization (Phase 5)
  Mapping Optimization (Phase 6)
  Mapping Optimization (Phase 7)
  Mapping Optimization (Phase 8)

                                  TOTAL                                      
   ELAPSED            WORST NEG   SETUP    DESIGN                            
    TIME      AREA      SLACK     COST    RULE COST         ENDPOINT         
  --------- --------- --------- --------- --------- -------------------------
    0:00:03  156681.0      1.44      25.2       0.0                          
    0:00:03  156681.0      1.44      25.2       0.0                          
    0:00:03  156681.0      1.44      25.2       0.0                          
    0:00:03  156681.0      1.44      25.2       0.0                          
    0:00:03  156681.0      1.44      25.2       0.0                          
    0:00:03  154953.0      1.50      25.6       0.0                          
    0:00:03  154512.0      1.52      26.0       0.0                          
    0:00:03  155052.0      1.42      25.3       0.0                          
    0:00:03  155565.0      1.45      27.5       0.0                          
    0:00:03  156141.0      1.39      27.3       0.0                          
    0:00:03  156609.0      1.37      27.2       0.0                          
    0:00:03  156825.0      1.35      27.1       0.0                          
    0:00:03  156537.0      1.35      26.6       0.0                          
    0:00:03  156609.0      1.35      26.6       0.0                          
    0:00:03  156609.0      1.35      26.6       0.0                          
    0:00:03  156609.0      1.35      26.6       0.0                          
    0:00:03  156609.0      1.35      26.6       0.0                          
    0:00:03  156609.0      1.35      26.6       0.0                          
    0:00:03  156609.0      1.35      26.6       0.0                          
    0:00:03  156609.0      1.35      26.6       0.0                          
    0:00:03  157725.0      1.31      26.5       0.0                          
    0:00:03  157581.0      1.31      26.4       0.0                          
    0:00:03  158661.0      1.29      26.3       0.0                          
    0:00:03  158229.0      1.27      25.7       0.0                          
    0:00:03  157761.0      1.25      25.5       0.0                          
    0:00:04  158481.0      1.24      25.2       0.0                          
    0:00:04  158481.0      1.23      25.1       0.0                          
    0:00:04  158625.0      1.23      24.9       0.0                          
    0:00:04  158913.0      1.23      24.6       0.0                          
    0:00:04  159489.0      1.23      24.0       0.0                          



  Beginning Delay Optimization Phase
  ----------------------------------

                                  TOTAL                                      
   ELAPSED            WORST NEG   SETUP    DESIGN                            
    TIME      AREA      SLACK     COST    RULE COST         ENDPOINT         
  --------- --------- --------- --------- --------- -------------------------
    0:00:04  159489.0      1.23      24.0       0.0                          
    0:00:04  159921.0      1.23      24.0       0.0 FSM/state_reg[2]/D       
    0:00:04  160713.0      1.22      24.0       0.0 FSM/state_reg[2]/D       
    0:00:04  161469.0      1.21      24.0       0.0 FSM/state_reg[1]/D       
    0:00:04  162189.0      1.21      24.0       0.0 FSM/state_reg[2]/D       
    0:00:04  162477.0      1.20      24.0       0.0 FSM/state_reg[1]/D       
    0:00:04  162981.0      1.20      23.9       0.0 FSM/state_reg[2]/D       
    0:00:04  163197.0      1.20      23.9       0.0 FSM/state_reg[1]/D       
    0:00:04  163197.0      1.20      23.9       0.0                          
    0:00:04  163197.0      1.20      23.9       0.0                          
    0:00:04  163197.0      1.20      23.9       0.0                          
    0:00:04  163485.0      1.20      23.2       0.0                          
    0:00:04  163413.0      1.20      23.2       0.0                          
    0:00:04  163629.0      1.20      22.8       0.0                          
    0:00:04  163989.0      1.20      22.7       0.0                          
    0:00:04  164277.0      1.20      22.6       0.0                          


  Beginning Area-Recovery Phase  (cleanup)
  -----------------------------

                                  TOTAL                                      
   ELAPSED            WORST NEG   SETUP    DESIGN                            
    TIME      AREA      SLACK     COST    RULE COST         ENDPOINT         
  --------- --------- --------- --------- --------- -------------------------
    0:00:04  164277.0      1.20      22.6       0.0                          
    0:00:04  164277.0      1.20      22.6       0.0                          
    0:00:04  161397.0      1.20      22.5       0.0                          
    0:00:04  160173.0      1.20      22.6       0.0                          
    0:00:04  159669.0      1.20      22.5       0.0                          
    0:00:04  159669.0      1.20      22.5       0.0                          
    0:00:04  159669.0      1.20      22.5       0.0                          
    0:00:04  159669.0      1.20      22.5       0.0                          
    0:00:04  159669.0      1.20      22.5       0.0                          
    0:00:04  159597.0      1.21      22.5       0.0                          
    0:00:04  159597.0      1.21      22.5       0.0                          
    0:00:04  159597.0      1.21      22.5       0.0                          
    0:00:04  159597.0      1.21      22.5       0.0                          
    0:00:04  159597.0      1.21      22.5       0.0                          
    0:00:04  159597.0      1.21      22.5       0.0                          
    0:00:04  160173.0      1.19      22.5       0.0 FSM/state_reg[1]/D       
    0:00:04  160173.0      1.19      22.5       0.0 FSM/state_reg[2]/D       
    0:00:04  160686.0      1.18      22.5       0.0 FSM/state_reg[0]/D       
    0:00:05  160902.0      1.18      22.5       0.0                          
    0:00:05  161046.0      1.18      22.5       0.0                          
    0:00:05  161118.0      1.18      22.4       0.0                          
    0:00:05  161262.0      1.18      22.2       0.0                          
Loading db file '/package/eda/cells/OSU/v2.7/synopsys/lib/ami05/osu05_stdcells.db'


Note: Symbol # after min delay cost means estimated hold TNS across all active scenarios 


  Optimization Complete
  ---------------------
# Step 4: Output reports
report_timing -path full -delay max -max_paths 1 -nworst 1 > reports/usb_rx.rep
report_area >> reports/usb_rx.rep
report_power -hier >> reports/usb_rx.rep
# Step 5: Output final VHDL and Verilog files
write_file -format verilog -hierarchy -output "mapped/usb_rx.v"
Writing verilog file '/home/ecegrid/a/mg78/ece337/CDL/mapped/usb_rx.v'.
echo "\nScript Done\n"

Script Done

echo "\nChecking Design\n"

Checking Design

check_design
 
****************************************
check_design summary:
Version:     K-2015.06-SP1
Date:        Thu Apr 29 01:10:53 2021
****************************************

                   Name                                            Total
--------------------------------------------------------------------------------
Inputs/Outputs                                                     15
    Unconnected ports (LINT-28)                                    15

Cells                                                              12
    Connected to power or ground (LINT-32)                          9
    Nets connected to multiple pins on same cell (LINT-33)          3
--------------------------------------------------------------------------------

Warning: In design 'rx_eop', port 'clk' is not connected to any nets. (LINT-28)
Warning: In design 'rx_eop', port 'n_rst' is not connected to any nets. (LINT-28)
Warning: In design 'rx_eop', port 'd_edge' is not connected to any nets. (LINT-28)
Warning: In design 'rx_eop', port 'shift_en' is not connected to any nets. (LINT-28)
Warning: In design 'rx_decoder', port 'eop' is not connected to any nets. (LINT-28)
Warning: In design 'rx_decoder', port 'd_edge' is not connected to any nets. (LINT-28)
Warning: In design 'rx_timer', port 'rx_transfer_active' is not connected to any nets. (LINT-28)
Warning: In design 'rx_rcu_usb', port 'shift_enable' is not connected to any nets. (LINT-28)
Warning: In design 'rx_rcu_usb', port 'buff_ocp[6]' is not connected to any nets. (LINT-28)
Warning: In design 'rx_rcu_usb', port 'buff_ocp[5]' is not connected to any nets. (LINT-28)
Warning: In design 'rx_rcu_usb', port 'buff_ocp[4]' is not connected to any nets. (LINT-28)
Warning: In design 'rx_rcu_usb', port 'buff_ocp[3]' is not connected to any nets. (LINT-28)
Warning: In design 'rx_rcu_usb', port 'buff_ocp[2]' is not connected to any nets. (LINT-28)
Warning: In design 'rx_rcu_usb', port 'buff_ocp[1]' is not connected to any nets. (LINT-28)
Warning: In design 'rx_rcu_usb', port 'buff_ocp[0]' is not connected to any nets. (LINT-28)
Warning: In design 'rx_timer', a pin on submodule 'CLK' is connected to logic 1 or logic 0. (LINT-32)
   Pin 'clear' is connected to logic 0. 
Warning: In design 'rx_timer', a pin on submodule 'CLK' is connected to logic 1 or logic 0. (LINT-32)
   Pin 'rollover_val[3]' is connected to logic 1. 
Warning: In design 'rx_timer', a pin on submodule 'CLK' is connected to logic 1 or logic 0. (LINT-32)
   Pin 'rollover_val[2]' is connected to logic 0. 
Warning: In design 'rx_timer', a pin on submodule 'CLK' is connected to logic 1 or logic 0. (LINT-32)
   Pin 'rollover_val[1]' is connected to logic 0. 
Warning: In design 'rx_timer', a pin on submodule 'CLK' is connected to logic 1 or logic 0. (LINT-32)
   Pin 'rollover_val[0]' is connected to logic 0. 
Warning: In design 'rx_timer', a pin on submodule 'bitc' is connected to logic 1 or logic 0. (LINT-32)
   Pin 'rollover_val[3]' is connected to logic 1. 
Warning: In design 'rx_timer', a pin on submodule 'bitc' is connected to logic 1 or logic 0. (LINT-32)
   Pin 'rollover_val[2]' is connected to logic 0. 
Warning: In design 'rx_timer', a pin on submodule 'bitc' is connected to logic 1 or logic 0. (LINT-32)
   Pin 'rollover_val[1]' is connected to logic 0. 
Warning: In design 'rx_timer', a pin on submodule 'bitc' is connected to logic 1 or logic 0. (LINT-32)
   Pin 'rollover_val[0]' is connected to logic 0. 
Warning: In design 'rx_timer', the same net is connected to more than one pin on submodule 'CLK'. (LINT-33)
   Net '*Logic0*' is connected to pins 'clear', 'rollover_val[2]'', 'rollover_val[1]', 'rollover_val[0]'.
Warning: In design 'rx_timer', the same net is connected to more than one pin on submodule 'bitc'. (LINT-33)
   Net 'byte_recieved' is connected to pins 'clear', 'rollover_flag''.
Warning: In design 'rx_timer', the same net is connected to more than one pin on submodule 'bitc'. (LINT-33)
   Net '*Logic0*' is connected to pins 'rollover_val[2]', 'rollover_val[1]'', 'rollover_val[0]'.
quit

Thank you...
Done


